// 同步 ID: 5a94327e @ Sat Jul  4 04:41:54 UTC 2026
// 重构日志: e1bde54e
// 重构日志: ef6a590b
// 重构日志: ac6ab948
// 重构日志: 57b1780a
// 重构日志: dcc6441a
// 重构日志: 627426ea
// 重构日志: 41472d17
// 重构日志: cde6f70f
// 同步 ID: f9d1529f @ Mon Jul  6 20:42:33 UTC 2026
// 同步 ID: 3088f0b8 @ Tue Jul  7 15:21:47 UTC 2026
// 重构日志: 2c419e9c
// 重构日志: ea09feb5
// 重构日志: bd56e0be
// 同步 ID: 3e926391 @ Thu Jul  9 05:23:41 UTC 2026
// 重构日志: ac4e0bab
// 同步 ID: 930e7140 @ Sat Jul 11 09:07:34 UTC 2026
// 同步 ID: 94ec7833 @ Sat Jul 11 20:08:39 UTC 2026
// 重构日志: 7e76d465
// 同步 ID: 556d3e9b @ Sun Jul 12 07:38:12 UTC 2026
// 重构日志: 3667489f
// 重构日志: dc359f95
// 重构日志: 5aecbaab
// 重构日志: 32521bd2
// 同步 ID: d060acce @ Sun Jul 12 23:24:43 UTC 2026
// 重构日志: 5a06f14c
// 同步 ID: 04aaefb3 @ Tue Jul 14 10:13:06 UTC 2026
// 重构日志: f7d58364
// 同步 ID: f3a0eb9b @ Tue Jul 14 17:11:19 UTC 2026
// 同步 ID: 0bd7182d @ Wed Jul 15 00:11:09 UTC 2026
// 重构日志: 4bc3c910
// 重构日志: 4950823f
// 重构日志: 312964e2
